
 Name                 Time  Frac     dTime dFrac    Calls
----------------------------------------------------------
 decoder         12164.988  1.00     9.154  0.00    21664
  decjs8c         2620.746  0.22    38.053  0.00    13534
   syncjs8        1971.904  0.16  1971.904  0.16    13709
   js8dec          610.789  0.05   190.145  0.02   271715
    js8_down       198.645  0.02   198.645  0.02   271715
    badnsync         1.795  0.00     1.795  0.00   265255
    bpd174          37.484  0.00    37.484  0.00    25108
    osd174         182.721  0.02   182.721  0.02    11489
  decjs8b         3232.465  0.27    27.873  0.00     8136
   syncjs8        1810.180  0.15  1810.180  0.15     8759
   js8dec         1394.412  0.11   228.102  0.02   166334
    js8_down       234.303  0.02   234.303  0.02   166334
    badnsync         1.543  0.00     1.543  0.00   153275
    bpd174         149.295  0.01   149.295  0.01    49612
    osd174         781.170  0.06   781.170  0.06    48835
  decjs8a         6302.623  0.52    35.787  0.00     5439
   sync8          1685.312  0.14  1685.312  0.14     8296
   ft8b           4581.523  0.38  1140.213  0.09   214091
    ft8_down       398.461  0.03   398.461  0.03   214091
    badnsync         1.834  0.00     1.834  0.00   169170
    bpd174         511.357  0.04   511.357  0.04   164390
    osd174        2529.658  0.21  2529.658  0.21   159633
----------------------------------------------------------
                                 12164.988  1.00
