
 Name                 Time  Frac     dTime dFrac    Calls
----------------------------------------------------------
 decoder         10109.828  1.00    10.055  0.00    33541
  decjs8e         2823.461  0.28    47.711  0.00     8954
   syncjs8        1122.602  0.11  1122.602  0.11     9028
   js8dec         1653.148  0.16   182.703  0.02   395961
    js8_down       283.570  0.03   283.570  0.03   395961
    badnsync         1.750  0.00     1.750  0.00   361559
    bpd174         186.398  0.02   186.398  0.02   137393
    osd174         998.727  0.10   998.727  0.10   137331
  decjs8c         2148.531  0.21    70.492  0.01    32269
   syncjs8        1520.039  0.15  1520.039  0.15    32271
   js8dec          558.000  0.06   194.383  0.02   771140
    js8_down       199.875  0.02   199.875  0.02   771140
    badnsync         3.023  0.00     3.023  0.00   761892
    bpd174          25.578  0.00    25.578  0.00    36987
    osd174         135.141  0.01   135.141  0.01    18935
  decjs8b         2199.156  0.22    43.258  0.00    19255
   syncjs8        1190.570  0.12  1190.570  0.12    19379
   js8dec          965.328  0.10   200.414  0.02   559159
    js8_down       187.742  0.02   187.742  0.02   559159
    badnsync         2.438  0.00     2.438  0.00   539485
    bpd174          87.781  0.01    87.781  0.01    78329
    osd174         486.953  0.05   486.953  0.05    69332
  decjs8a         2928.625  0.29    39.367  0.00    12832
   syncjs8        1058.219  0.10  1058.219  0.10    15036
   js8dec         1831.039  0.18   402.258  0.04   405612
    js8_down       243.344  0.02   243.344  0.02   405612
    badnsync         2.023  0.00     2.023  0.00   367719
    bpd174         193.719  0.02   193.719  0.02   141874
    osd174         989.695  0.10   989.695  0.10   138666
----------------------------------------------------------
                                 10109.828  1.00
